<?xml version="1.0" encoding="UTF-8"?>
<!-- Generated by org.testng.reporters.JUnitReportReporter -->
<testsuite skipped="0" hostname="диана-ПК" name="com.transavia.Test_Id_3" tests="1" failures="0" timestamp="18 сен 2017 14:17:12 GMT" time="19.156" errors="0">
  <testcase name="TestId3" time="19.156" classname="com.transavia.Test_Id_3"/>
</testsuite> <!-- com.transavia.Test_Id_3 -->
