<?xml version="1.0" encoding="UTF-8"?>
<!-- Generated by org.testng.reporters.JUnitReportReporter -->
<testsuite skipped="0" hostname="диана-ПК" name="com.transavia.Test_Id_4" tests="1" failures="0" timestamp="21 сен 2017 04:03:46 GMT" time="17.078" errors="0">
  <testcase name="TestId4" time="17.078" classname="com.transavia.Test_Id_4"/>
</testsuite> <!-- com.transavia.Test_Id_4 -->
