<?xml version="1.0" encoding="UTF-8"?>
<!-- Generated by org.testng.reporters.JUnitReportReporter -->
<testsuite skipped="0" hostname="диана-ПК" name="com.transavia.Test_Id_8" tests="1" failures="0" timestamp="01 окт 2017 22:43:36 GMT" time="10.652" errors="0">
  <testcase name="TestId8" time="10.652" classname="com.transavia.Test_Id_8"/>
</testsuite> <!-- com.transavia.Test_Id_8 -->
