<?xml version="1.0" encoding="UTF-8"?>
<!-- Generated by org.testng.reporters.JUnitReportReporter -->
<testsuite skipped="0" hostname="диана-ПК" name="com.transavia.Test_Id_1" tests="1" failures="0" timestamp="21 сен 2017 03:43:09 GMT" time="15.618" errors="0">
  <testcase name="TestId1" time="15.618" classname="com.transavia.Test_Id_1"/>
</testsuite> <!-- com.transavia.Test_Id_1 -->
