<?xml version="1.0" encoding="UTF-8"?>
<!-- Generated by org.testng.reporters.JUnitReportReporter -->
<testsuite skipped="0" hostname="диана-ПК" name="com.transavia.Test_Id_8" tests="1" failures="0" timestamp="21 сен 2017 11:33:04 GMT" time="11.256" errors="0">
  <testcase name="TestId8" time="11.256" classname="com.transavia.Test_Id_8"/>
</testsuite> <!-- com.transavia.Test_Id_8 -->
