<?xml version="1.0" encoding="UTF-8"?>
<!-- Generated by org.testng.reporters.JUnitReportReporter -->
<testsuite skipped="0" hostname="диана-ПК" name="com.transavia.Test_Id_2" tests="1" failures="0" timestamp="21 сен 2017 11:29:52 GMT" time="26.952" errors="0">
  <testcase name="testId2" time="26.952" classname="com.transavia.Test_Id_2"/>
</testsuite> <!-- com.transavia.Test_Id_2 -->
