<?xml version="1.0" encoding="UTF-8"?>
<!-- Generated by org.testng.reporters.JUnitReportReporter -->
<testsuite skipped="0" hostname="диана-ПК" name="com.transavia.Test_Id_3" tests="1" failures="0" timestamp="21 сен 2017 13:42:49 GMT" time="14.413" errors="0">
  <testcase name="TestId3" time="14.413" classname="com.transavia.Test_Id_3"/>
</testsuite> <!-- com.transavia.Test_Id_3 -->
