<?xml version="1.0" encoding="UTF-8"?>
<!-- Generated by org.testng.reporters.JUnitReportReporter -->
<testsuite skipped="0" hostname="диана-ПК" name="com.transavia.Test_Id_8" tests="1" failures="0" timestamp="18 сен 2017 12:33:05 GMT" time="9.949" errors="0">
  <testcase name="TestId8" time="9.949" classname="com.transavia.Test_Id_8"/>
</testsuite> <!-- com.transavia.Test_Id_8 -->
