<?xml version="1.0" encoding="UTF-8"?>
<!-- Generated by org.testng.reporters.JUnitReportReporter -->
<testsuite skipped="0" hostname="диана-ПК" name="com.transavia.Test_Id_9" tests="1" failures="0" timestamp="14 сен 2017 20:39:08 GMT" time="30.334" errors="0">
  <testcase name="testId2" time="30.334" classname="com.transavia.Test_Id_9"/>
</testsuite> <!-- com.transavia.Test_Id_9 -->
