<?xml version="1.0" encoding="UTF-8"?>
<!-- Generated by org.testng.reporters.JUnitReportReporter -->
<testsuite skipped="0" hostname="диана-ПК" name="com.transavia.Test_Id_8" tests="1" failures="0" timestamp="19 сен 2017 00:21:43 GMT" time="11.778" errors="0">
  <testcase name="TestId8" time="11.778" classname="com.transavia.Test_Id_8"/>
</testsuite> <!-- com.transavia.Test_Id_8 -->
