<?xml version="1.0" encoding="UTF-8"?>
<!-- Generated by org.testng.reporters.JUnitReportReporter -->
<testsuite skipped="0" hostname="диана-ПК" name="com.transavia.Test_Id_1" tests="1" failures="0" timestamp="18 сен 2017 12:20:15 GMT" time="16.617" errors="0">
  <testcase name="TestId1" time="16.617" classname="com.transavia.Test_Id_1"/>
</testsuite> <!-- com.transavia.Test_Id_1 -->
