<?xml version="1.0" encoding="UTF-8"?>
<!-- Generated by org.testng.reporters.JUnitReportReporter -->
<testsuite skipped="0" hostname="диана-ПК" name="com.transavia.Test_Id_8" tests="1" failures="0" timestamp="16 сен 2017 23:17:10 GMT" time="31.419" errors="0">
  <testcase name="TestId8" time="31.419" classname="com.transavia.Test_Id_8"/>
</testsuite> <!-- com.transavia.Test_Id_8 -->
