<?xml version="1.0" encoding="UTF-8"?>
<!-- Generated by org.testng.reporters.JUnitReportReporter -->
<testsuite skipped="0" hostname="диана-ПК" name="com.transavia.Test_Id_2" tests="1" failures="0" timestamp="14 сен 2017 21:56:55 GMT" time="46.234" errors="0">
  <testcase name="testId2" time="46.234" classname="com.transavia.Test_Id_2"/>
</testsuite> <!-- com.transavia.Test_Id_2 -->
