<?xml version="1.0" encoding="UTF-8"?>
<!-- Generated by org.testng.reporters.JUnitReportReporter -->
<testsuite skipped="0" hostname="диана-ПК" name="com.transavia.Test_Id_9" tests="1" failures="0" timestamp="01 окт 2017 22:43:36 GMT" time="22.502" errors="0">
  <testcase name="testId9" time="22.502" classname="com.transavia.Test_Id_9"/>
</testsuite> <!-- com.transavia.Test_Id_9 -->
