<?xml version="1.0" encoding="UTF-8"?>
<!-- Generated by org.testng.reporters.JUnitReportReporter -->
<testsuite skipped="0" hostname="диана-ПК" name="com.transavia.Test_Id_4" tests="1" failures="0" timestamp="01 окт 2017 22:43:36 GMT" time="17.272" errors="0">
  <testcase name="TestId4" time="17.272" classname="com.transavia.Test_Id_4"/>
</testsuite> <!-- com.transavia.Test_Id_4 -->
